[    0.000000] Initializing cgroup subsys cpuset
[    0.000000] Initializing cgroup subsys cpu
[    0.000000] Initializing cgroup subsys cpuacct
[    0.000000] Linux version 4.4.0-189-generic (buildd@lgw01-amd64-047) (gcc version 5.4.0 20160609 (Ubuntu 5.4.0-6ubuntu1~16.04.12) ) #219-Ubuntu SMP Tue Aug 11 12:26:50 UTC 2020 (Ubuntu 4.4.0-189.219-generic 4.4.232)
[    0.000000] Command line: BOOT_IMAGE=/boot/vmlinuz-4.4.0-189-generic root=UUID=94d88c52-25b5-4a3e-93d6-a29d51059304 ro console=tty1 console=ttyS0
[    0.000000] KERNEL supported cpus:
[    0.000000]   Intel GenuineIntel
[    0.000000]   AMD AuthenticAMD
[    0.000000]   Centaur CentaurHauls
[    0.000000] x86/fpu: xstate_offset[2]:  576, xstate_sizes[2]:  256
[    0.000000] x86/fpu: Supporting XSAVE feature 0x01: 'x87 floating point registers'
[    0.000000] x86/fpu: Supporting XSAVE feature 0x02: 'SSE registers'
[    0.000000] x86/fpu: Supporting XSAVE feature 0x04: 'AVX registers'
[    0.000000] x86/fpu: Enabled xstate features 0x7, context size is 832 bytes, using 'standard' format.
[    0.000000] e820: BIOS-provided physical RAM map:
[    0.000000] BIOS-e820: [mem 0x0000000000000000-0x000000000009fbff] usable
[    0.000000] BIOS-e820: [mem 0x000000000009fc00-0x000000000009ffff] reserved
[    0.000000] BIOS-e820: [mem 0x00000000000f0000-0x00000000000fffff] reserved
[    0.000000] BIOS-e820: [mem 0x0000000000100000-0x000000007ffeffff] usable
[    0.000000] BIOS-e820: [mem 0x000000007fff0000-0x000000007fffffff] ACPI data
[    0.000000] BIOS-e820: [mem 0x00000000fec00000-0x00000000fec00fff] reserved
[    0.000000] BIOS-e820: [mem 0x00000000fee00000-0x00000000fee00fff] reserved
[    0.000000] BIOS-e820: [mem 0x00000000fffc0000-0x00000000ffffffff] reserved
[    0.000000] NX (Execute Disable) protection: active
[    0.000000] SMBIOS 2.5 present.
[    0.000000] Hypervisor detected: KVM
[    0.000000] Kernel/User page tables isolation: disabled
[    0.000000] e820: last_pfn = 0x7fff0 max_arch_pfn = 0x400000000
[    0.000000] MTRR: Disabled
[    0.000000] x86/PAT: MTRRs disabled, skipping PAT initialization too.
[    0.000000] CPU MTRRs all blank - virtualized system.
[    0.000000] x86/PAT: Configuration [0-7]: WB  WT  UC- UC  WB  WT  UC- UC  
[    0.000000] found SMP MP-table at [mem 0x0009fff0-0x0009ffff] mapped at [ffff88000009fff0]
[    0.000000] Scanning 1 areas for low memory corruption
[    0.000000] RAMDISK: [mem 0x361cc000-0x370ddfff]
[    0.000000] ACPI: Early table checksum verification disabled
[    0.000000] ACPI: RSDP 0x00000000000E0000 000024 (v02 VBOX  )
[    0.000000] ACPI: XSDT 0x000000007FFF0030 00003C (v01 VBOX   VBOXXSDT 00000001 ASL  00000061)
[    0.000000] ACPI: FACP 0x000000007FFF00F0 0000F4 (v04 VBOX   VBOXFACP 00000001 ASL  00000061)
[    0.000000] ACPI: DSDT 0x000000007FFF0470 0022EA (v02 VBOX   VBOXBIOS 00000002 INTL 20100528)
[    0.000000] ACPI: FACS 0x000000007FFF0200 000040
[    0.000000] ACPI: FACS 0x000000007FFF0200 000040
[    0.000000] ACPI: APIC 0x000000007FFF0240 00005C (v02 VBOX   VBOXAPIC 00000001 ASL  00000061)
[    0.000000] ACPI: SSDT 0x000000007FFF02A0 0001CC (v01 VBOX   VBOXCPUT 00000002 INTL 20100528)
[    0.000000] No NUMA configuration found
[    0.000000] Faking a node at [mem 0x0000000000000000-0x000000007ffeffff]
[    0.000000] NODE_DATA(0) allocated [mem 0x7ffeb000-0x7ffeffff]
[    0.000000] kvm-clock: Using msrs 4b564d01 and 4b564d00
[    0.000000] kvm-clock: cpu 0, msr 0:7ffe3001, primary cpu clock
[    0.000000] kvm-clock: using sched offset of 4250486061 cycles
[    0.000000] clocksource: kvm-clock: mask: 0xffffffffffffffff max_cycles: 0x1cd42e4dffb, max_idle_ns: 881590591483 ns
[    0.000000] Zone ranges:
[    0.000000]   DMA      [mem 0x0000000000001000-0x0000000000ffffff]
[    0.000000]   DMA32    [mem 0x0000000001000000-0x000000007ffeffff]
[    0.000000]   Normal   empty
[    0.000000]   Device   empty
[    0.000000] Movable zone start for each node
[    0.000000] Early memory node ranges
[    0.000000]   node   0: [mem 0x0000000000001000-0x000000000009efff]
[    0.000000]   node   0: [mem 0x0000000000100000-0x000000007ffeffff]
[    0.000000] Initmem setup node 0 [mem 0x0000000000001000-0x000000007ffeffff]
[    0.000000] ACPI: PM-Timer IO Port: 0x4008
[    0.000000] IOAPIC[0]: apic_id 2, version 32, address 0xfec00000, GSI 0-23
[    0.000000] ACPI: INT_SRC_OVR (bus 0 bus_irq 0 global_irq 2 dfl dfl)
[    0.000000] ACPI: INT_SRC_OVR (bus 0 bus_irq 9 global_irq 9 low level)
[    0.000000] Using ACPI (MADT) for SMP configuration information
[    0.000000] smpboot: Allowing 2 CPUs, 0 hotplug CPUs
[    0.000000] PM: Registered nosave memory: [mem 0x00000000-0x00000fff]
[    0.000000] PM: Registered nosave memory: [mem 0x0009f000-0x0009ffff]
[    0.000000] PM: Registered nosave memory: [mem 0x000a0000-0x000effff]
[    0.000000] PM: Registered nosave memory: [mem 0x000f0000-0x000fffff]
[    0.000000] e820: [mem 0x80000000-0xfebfffff] available for PCI devices
[    0.000000] Booting paravirtualized kernel on KVM
[    0.000000] clocksource: refined-jiffies: mask: 0xffffffff max_cycles: 0xffffffff, max_idle_ns: 7645519600211568 ns
[    0.000000] setup_percpu: NR_CPUS:512 nr_cpumask_bits:512 nr_cpu_ids:2 nr_node_ids:1
[    0.000000] PERCPU: Embedded 33 pages/cpu @ffff88007fc00000 s95512 r8192 d31464 u1048576
[    0.000000] Built 1 zonelists in Node order, mobility grouping on.  Total pages: 515960
[    0.000000] Policy zone: DMA32
[    0.000000] Kernel command line: BOOT_IMAGE=/boot/vmlinuz-4.4.0-189-generic root=UUID=94d88c52-25b5-4a3e-93d6-a29d51059304 ro console=tty1 console=ttyS0
[    0.000000] PID hash table entries: 4096 (order: 3, 32768 bytes)
[    0.000000] Memory: 2029304K/2096696K available (8636K kernel code, 1337K rwdata, 4040K rodata, 1492K init, 1296K bss, 67392K reserved, 0K cma-reserved)
[    0.000000] SLUB: HWalign=64, Order=0-3, MinObjects=0, CPUs=2, Nodes=1
[    0.000000] Hierarchical RCU implementation.
[    0.000000] 	Build-time adjustment of leaf fanout to 64.
[    0.000000] 	RCU restricting CPUs from NR_CPUS=512 to nr_cpu_ids=2.
[    0.000000] RCU: Adjusting geometry for rcu_fanout_leaf=64, nr_cpu_ids=2
[    0.000000] NR_IRQS:33024 nr_irqs:440 16
[    0.000000] Console: colour VGA+ 80x25
[    0.000000] console [tty1] enabled
[    0.000000] console [ttyS0] enabled
[    0.000000] tsc: Detected 2591.994 MHz processor
[    0.196568] Calibrating delay loop (skipped) preset value.. 5183.98 BogoMIPS (lpj=10367976)
[    0.198286] pid_max: default: 32768 minimum: 301
[    0.199320] ACPI: Core revision 20150930
[    0.201151] ACPI: 2 ACPI AML tables successfully acquired and loaded
[    0.202430] Security Framework initialized
[    0.203457] Yama: becoming mindful.
[    0.204447] AppArmor: AppArmor initialized
[    0.208492] Dentry cache hash table entries: 262144 (order: 9, 2097152 bytes)
[    0.210239] Inode-cache hash table entries: 131072 (order: 8, 1048576 bytes)
[    0.211814] Mount-cache hash table entries: 4096 (order: 3, 32768 bytes)
[    0.213123] Mountpoint-cache hash table entries: 4096 (order: 3, 32768 bytes)
[    0.218685] Initializing cgroup subsys io
[    0.219630] Initializing cgroup subsys memory
[    0.220929] Initializing cgroup subsys devices
[    0.222152] Initializing cgroup subsys freezer
[    0.223283] Initializing cgroup subsys net_cls
[    0.224571] Initializing cgroup subsys perf_event
[    0.225634] Initializing cgroup subsys net_prio
[    0.226568] Initializing cgroup subsys hugetlb
[    0.227470] Initializing cgroup subsys pids
[    0.230229] mce: CPU supports 0 MCE banks
[    0.231100] Last level iTLB entries: 4KB 64, 2MB 8, 4MB 8
[    0.232166] Last level dTLB entries: 4KB 64, 2MB 0, 4MB 0, 1GB 4
[    0.233546] Spectre V1 : Mitigation: usercopy/swapgs barriers and __user pointer sanitization
[    0.235383] Spectre V2 : Mitigation: Enhanced IBRS
[    0.236409] Spectre V2 : Spectre v2 / SpectreRSB mitigation: Filling RSB on context switch
[    0.238198] Speculative Store Bypass: Vulnerable
[    0.242184] Freeing SMP alternatives memory: 36K
[    0.249894] ftrace: allocating 32336 entries in 127 pages
[    0.300587] smpboot: APIC(0) Converting physical 0 to logical package 0
[    0.301885] smpboot: Max logical packages: 1
[    0.303001] x2apic enabled
[    0.303923] Switched APIC routing to physical x2apic.
[    0.306099] ..TIMER: vector=0x30 apic1=0 pin1=2 apic2=-1 pin2=-1
[    0.415329] smpboot: CPU0: Intel(R) Core(TM) i7-10750H CPU @ 2.60GHz (family: 0x6, model: 0xa5, stepping: 0x2)
[    0.418192] Performance Events: unsupported p6 CPU model 165 no PMU driver, software events only.
[    0.430128] KVM setup paravirtual spinlock
[    0.431965] x86: Booting SMP configuration:
[    0.432799] .... node  #0, CPUs:      #1
[    0.433737] kvm-clock: cpu 1, msr 0:7ffe3041, secondary cpu clock
[    0.435823] mce: CPU supports 0 MCE banks
[    0.438322] x86: Booted up 1 node, 2 CPUs
[    0.439442] smpboot: Total of 2 processors activated (10367.97 BogoMIPS)
[    0.441085] devtmpfs: initialized
[    0.443611] evm: security.selinux
[    0.444366] evm: security.SMACK64
[    0.445087] evm: security.SMACK64EXEC
[    0.445848] evm: security.SMACK64TRANSMUTE
[    0.446726] evm: security.SMACK64MMAP
[    0.447506] evm: security.ima
[    0.448182] evm: security.capability
[    0.449276] clocksource: jiffies: mask: 0xffffffff max_cycles: 0xffffffff, max_idle_ns: 7645041785100000 ns
[    0.451138] futex hash table entries: 512 (order: 3, 32768 bytes)
[    0.452502] pinctrl core: initialized pinctrl subsystem
[    0.453577] RTC time: 20:54:50, date: 09/02/20
[    0.454582] NET: Registered protocol family 16
[    0.468362] cpuidle: using governor ladder
[    0.481777] cpuidle: using governor menu
[    0.482747] PCCT header not found.
[    0.483609] ACPI: bus type PCI registered
[    0.484478] acpiphp: ACPI Hot Plug PCI Controller Driver version: 0.5
[    0.485795] PCI: Using configuration type 1 for base access
[    0.501347] ACPI: Added _OSI(Module Device)
[    0.502233] ACPI: Added _OSI(Processor Device)
[    0.503162] ACPI: Added _OSI(3.0 _SCP Extensions)
[    0.504082] ACPI: Added _OSI(Processor Aggregator Device)
[    0.505761] ACPI: Executed 1 blocks of module-level executable AML code
[    0.511885] ACPI: Interpreter enabled
[    0.512684] ACPI: (supports S0 S5)
[    0.513444] ACPI: Using IOAPIC for interrupt routing
[    0.514752] PCI: Using host bridge windows from ACPI; if necessary, use "pci=nocrs" and report a bug
[    0.520006] ACPI: PCI Root Bridge [PCI0] (domain 0000 [bus 00-ff])
[    0.521114] acpi PNP0A03:00: _OSC: OS supports [ASPM ClockPM Segments MSI]
[    0.522595] acpi PNP0A03:00: _OSC: not requesting OS control; OS requires [ExtendedConfig ASPM ClockPM MSI]
[    0.524474] acpi PNP0A03:00: fail to add MMCONFIG information, can't access extended PCI configuration space under this bridge.
[    0.526865] PCI host bridge to bus 0000:00
[    0.527731] pci_bus 0000:00: root bus resource [io  0x0000-0x0cf7 window]
[    0.528932] pci_bus 0000:00: root bus resource [io  0x0d00-0xffff window]
[    0.530156] pci_bus 0000:00: root bus resource [mem 0x000a0000-0x000bffff window]
[    0.531734] pci_bus 0000:00: root bus resource [mem 0x80000000-0xfdffffff window]
[    0.533232] pci_bus 0000:00: root bus resource [bus 00-ff]
[    0.536194] pci 0000:00:01.1: legacy IDE quirk: reg 0x10: [io  0x01f0-0x01f7]
[    0.537453] pci 0000:00:01.1: legacy IDE quirk: reg 0x14: [io  0x03f6]
[    0.538610] pci 0000:00:01.1: legacy IDE quirk: reg 0x18: [io  0x0170-0x0177]
[    0.539934] pci 0000:00:01.1: legacy IDE quirk: reg 0x1c: [io  0x0376]
[    0.576595] pci 0000:00:07.0: quirk: [io  0x4000-0x403f] claimed by PIIX4 ACPI
[    0.588769] pci 0000:00:07.0: quirk: [io  0x4100-0x410f] claimed by PIIX4 SMB
[    0.617246] ACPI: PCI Interrupt Link [LNKA] (IRQs 5 9 10 *11)
[    0.619339] ACPI: PCI Interrupt Link [LNKB] (IRQs 5 9 *10 11)
[    0.621081] ACPI: PCI Interrupt Link [LNKC] (IRQs 5 *9 10 11)
[    0.622784] ACPI: PCI Interrupt Link [LNKD] (IRQs 5 9 10 *11)
[    0.624497] ACPI: Enabled 2 GPEs in block 00 to 07
[    0.625914] vgaarb: setting as boot device: PCI:0000:00:02.0
[    0.626975] vgaarb: device added: PCI:0000:00:02.0,decodes=io+mem,owns=io+mem,locks=none
[    0.628642] vgaarb: loaded
[    0.629292] vgaarb: bridge control possible 0000:00:02.0
[    0.630588] SCSI subsystem initialized
[    0.631892] ACPI: bus type USB registered
[    0.632780] usbcore: registered new interface driver usbfs
[    0.633830] usbcore: registered new interface driver hub
[    0.634943] usbcore: registered new device driver usb
[    0.636277] PCI: Using ACPI for IRQ routing
[    0.637438] NetLabel: Initializing
[    0.638177] NetLabel:  domain hash size = 128
[    0.639110] NetLabel:  protocols = UNLABELED CIPSOv4
[    0.640119] NetLabel:  unlabeled traffic allowed by default
[    0.641338] amd_nb: Cannot enumerate AMD northbridges
[    0.642364] clocksource: Switched to clocksource kvm-clock
[    0.654592] AppArmor: AppArmor Filesystem Enabled
[    0.655964] pnp: PnP ACPI init
[    0.657496] pnp: PnP ACPI: found 3 devices
[    0.669124] clocksource: acpi_pm: mask: 0xffffff max_cycles: 0xffffff, max_idle_ns: 2085701024 ns
[    0.670872] NET: Registered protocol family 2
[    0.672028] TCP established hash table entries: 16384 (order: 5, 131072 bytes)
[    0.673498] TCP bind hash table entries: 16384 (order: 6, 262144 bytes)
[    0.674828] TCP: Hash tables configured (established 16384 bind 16384)
[    0.676203] UDP hash table entries: 1024 (order: 3, 32768 bytes)
[    0.677459] UDP-Lite hash table entries: 1024 (order: 3, 32768 bytes)
[    0.678644] NET: Registered protocol family 1
[    0.679565] pci 0000:00:00.0: Limiting direct PCI/PCI transfers
[    0.680799] pci 0000:00:01.0: Activating ISA DMA hang workarounds
[    0.682099] Unpacking initramfs...
[    0.958130] Freeing initrd memory: 15432K
[    0.959318] clocksource: tsc: mask: 0xffffffffffffffff max_cycles: 0x255cb158701, max_idle_ns: 440795293120 ns
[    0.961289] platform rtc_cmos: registered platform RTC device (no PNP device found)
[    0.963152] Scanning for low memory corruption every 60 seconds
[    0.964783] audit: initializing netlink subsys (disabled)
[    0.965940] audit: type=2000 audit(1599080097.166:1): initialized
[    0.967715] Initialise system trusted keyring
[    0.968887] HugeTLB registered 2 MB page size, pre-allocated 0 pages
[    0.974490] zbud: loaded
[    0.975444] VFS: Disk quotas dquot_6.6.0
[    0.976488] VFS: Dquot-cache hash table entries: 512 (order 0, 4096 bytes)
[    0.978103] squashfs: version 4.0 (2009/01/31) Phillip Lougher
[    0.979544] fuse init (API version 7.23)
[    0.980691] Key type big_key registered
[    0.981575] Allocating IMA MOK and blacklist keyrings.
[    0.984148] Key type asymmetric registered
[    0.985241] Asymmetric key parser 'x509' registered
[    0.986294] Block layer SCSI generic (bsg) driver version 0.4 loaded (major 249)
[    0.988004] io scheduler noop registered
[    0.988955] io scheduler deadline registered (default)
[    0.990059] io scheduler cfq registered
[    0.991009] pci_hotplug: PCI Hot Plug PCI Core version: 0.5
[    0.992099] pciehp: PCI Express Hot Plug Controller Driver version: 0.4
[    0.993494] ACPI: AC Adapter [AC] (on-line)
[    0.994393] input: Power Button as /devices/LNXSYSTM:00/LNXPWRBN:00/input/input0
[    0.995937] ACPI: Power Button [PWRF]
[    0.996791] input: Sleep Button as /devices/LNXSYSTM:00/LNXSLPBN:00/input/input1
[    0.998285] ACPI: Sleep Button [SLPF]
[    0.999340] GHES: HEST is not enabled!
[    1.000819] ACPI: Battery Slot [BAT0] (battery present)
[    1.001848] Serial: 8250/16550 driver, 32 ports, IRQ sharing enabled
[    1.023960] 00:02: ttyS0 at I/O 0x3f8 (irq = 4, base_baud = 115200) is a 16550A
[    1.026391] Linux agpgart interface v0.103
[    1.029415] loop: module loaded
[    1.031149] scsi host0: ata_piix
[    1.032135] scsi host1: ata_piix
[    1.032872] ata1: PATA max UDMA/33 cmd 0x1f0 ctl 0x3f6 bmdma 0xd000 irq 14
[    1.034135] ata2: PATA max UDMA/33 cmd 0x170 ctl 0x376 bmdma 0xd008 irq 15
[    1.035777] libphy: Fixed MDIO Bus: probed
[    1.036643] tun: Universal TUN/TAP device driver, 1.6
[    1.037692] tun: (C) 1999-2004 Max Krasnyansky <maxk@qualcomm.com>
[    1.039053] PPP generic driver version 2.4.2
[    1.039981] ehci_hcd: USB 2.0 'Enhanced' Host Controller (EHCI) Driver
[    1.041183] ehci-pci: EHCI PCI platform driver
[    1.042087] ehci-platform: EHCI generic platform driver
[    1.043616] ohci_hcd: USB 1.1 'Open' Host Controller (OHCI) Driver
[    1.044805] ohci-pci: OHCI PCI platform driver
[    1.045724] ohci-platform: OHCI generic platform driver
[    1.046764] uhci_hcd: USB Universal Host Controller Interface driver
[    1.048155] i8042: PNP: PS/2 Controller [PNP0303:PS2K,PNP0f03:PS2M] at 0x60,0x64 irq 1,12
[    1.050501] serio: i8042 KBD port at 0x60,0x64 irq 1
[    1.051558] serio: i8042 AUX port at 0x60,0x64 irq 12
[    1.052714] mousedev: PS/2 mouse device common for all mice
[    1.054350] rtc_cmos rtc_cmos: rtc core: registered rtc_cmos as rtc0
[    1.055778] input: AT Translated Set 2 keyboard as /devices/platform/i8042/serio0/input/input2
[    1.057619] rtc_cmos rtc_cmos: alarms up to one day, 114 bytes nvram
[    1.058923] i2c /dev entries driver
[    1.059857] device-mapper: uevent: version 1.0.3
[    1.060896] device-mapper: ioctl: 4.34.0-ioctl (2015-10-28) initialised: dm-devel@redhat.com
[    1.062633] ledtrig-cpu: registered to indicate activity on CPUs
[    1.064834] NET: Registered protocol family 10
[    1.066012] NET: Registered protocol family 17
[    1.066989] Key type dns_resolver registered
[    1.068111] registered taskstats version 1
[    1.069016] Loading compiled-in X.509 certificates
[    1.070573] Loaded X.509 cert 'Build time autogenerated kernel key: 06f0812676e66a24038557b34a5a5205bffb6390'
[    1.072669] zswap: loaded using pool lzo/zbud
[    1.075523] Key type trusted registered
[    1.079626] Key type encrypted registered
[    1.080613] AppArmor: AppArmor sha1 policy hashing enabled
[    1.081693] ima: No TPM chip found, activating TPM-bypass!
[    1.083162] ima: Allocated hash algorithm: sha1
[    1.084235] evm: HMAC attrs: 0x1
[    1.085477]   Magic number: 4:182:952
[    1.086363] tty tty9: hash matches
[    1.087205] memory memory5: hash matches
[    1.088124] rtc_cmos rtc_cmos: setting system clock to 2020-09-02 20:54:51 UTC (1599080091)
[    1.090052] BIOS EDD facility v0.16 2004-Jun-25, 0 devices found
[    1.091277] EDD information not available.
[    1.192717] Freeing unused kernel memory: 1492K
[    1.193850] Write protecting the kernel read-only data: 14336k
[    1.195600] Freeing unused kernel memory: 1592K
[    1.196760] Freeing unused kernel memory: 56K
Loading, please wait...
starting version 229
[    1.209431] random: systemd-udevd: uninitialized urandom read (16 bytes read, 3 bits of entropy available)
[    1.209944] random: udevadm: uninitialized urandom read (16 bytes read, 3 bits of entropy available)
[    1.209960] random: udevadm: uninitialized urandom read (16 bytes read, 3 bits of entropy available)
[    1.215227] random: systemd-udevd: uninitialized urandom read (16 bytes read, 3 bits of entropy available)
[    1.216603] random: udevadm: uninitialized urandom read (16 bytes read, 3 bits of entropy available)
[    1.216657] random: udevadm: uninitialized urandom read (16 bytes read, 3 bits of entropy available)
[    1.216761] random: udevadm: uninitialized urandom read (16 bytes read, 3 bits of entropy available)
[    1.216798] random: udevadm: uninitialized urandom read (16 bytes read, 3 bits of entropy available)
[    1.216835] random: udevadm: uninitialized urandom read (16 bytes read, 3 bits of entropy available)
[    1.216874] random: udevadm: uninitialized urandom read (16 bytes read, 3 bits of entropy available)
[    1.253238] e1000: Intel(R) PRO/1000 Network Driver - version 7.3.21-k8-NAPI
[    1.254537] e1000: Copyright (c) 1999-2006 Intel Corporation.
[    1.256246] Fusion MPT base driver 3.04.20
[    1.257093] Copyright (c) 1999-2008 LSI Corporation
[    1.280648] Fusion MPT SPI Host driver 3.04.20
[    1.281724] AVX2 version of gcm_enc/dec engaged.
[    1.282841] AES CTR mode by8 optimization enabled
[    1.481706] input: ImExPS/2 Generic Explorer Mouse as /devices/platform/i8042/serio1/input/input4
[    1.643307] e1000 0000:00:03.0 eth0: (PCI:33MHz:32-bit) 02:e1:21:9c:b1:d3
[    1.644646] e1000 0000:00:03.0 eth0: Intel(R) PRO/1000 Network Connection
[    1.646625] mptbase: ioc0: Initiating bringup
[    2.022585] ioc0: LSI53C1030 A0: Capabilities={Initiator}
[    2.770327] scsi host2: ioc0: LSI53C1030 A0, FwRev=00000000h, Ports=1, MaxQ=256, IRQ=20
[    2.883283] scsi 2:0:0:0: Direct-Access     VBOX     HARDDISK         1.0  PQ: 0 ANSI: 5
[    2.886021] scsi target2:0:0: Beginning Domain Validation
[    2.889762] scsi target2:0:0: Domain Validation skipping write tests
[    2.891036] scsi target2:0:0: Ending Domain Validation
[    2.892099] scsi target2:0:0: asynchronous
[    2.893817] scsi 2:0:1:0: Direct-Access     VBOX     HARDDISK         1.0  PQ: 0 ANSI: 5
[    2.895557] scsi target2:0:1: Beginning Domain Validation
[    2.898484] scsi target2:0:1: Domain Validation skipping write tests
[    2.899647] scsi target2:0:1: Ending Domain Validation
[    2.911069] scsi target2:0:1: asynchronous
[    2.931216] sd 2:0:0:0: Attached scsi generic sg0 type 0
[    2.932597] sd 2:0:0:0: [sda] 20971520 512-byte logical blocks: (10.7 GB/10.0 GiB)
[    2.934638] sd 2:0:1:0: Attached scsi generic sg1 type 0
[    2.935744] sd 2:0:1:0: [sdb] 20480 512-byte logical blocks: (10.5 MB/10.0 MiB)
[    2.937826] sd 2:0:0:0: [sda] Write Protect is off
[    2.938854] sd 2:0:1:0: [sdb] Write Protect is off
[    2.939979] sd 2:0:0:0: [sda] Incomplete mode parameter data
[    2.941199] sd 2:0:0:0: [sda] Assuming drive cache: write through
[    2.942604] sd 2:0:1:0: [sdb] Incomplete mode parameter data
[    2.943685] sd 2:0:1:0: [sdb] Assuming drive cache: write through
[    2.948274]  sda: sda1
[    2.950220] sd 2:0:0:0: [sda] Attached SCSI disk
[    2.951482] sd 2:0:1:0: [sdb] Attached SCSI disk
[    3.247106] e1000 0000:00:08.0 eth1: (PCI:33MHz:32-bit) 08:00:27:a1:0f:9e
[    3.248405] e1000 0000:00:08.0 eth1: Intel(R) PRO/1000 Network Connection
[    3.250310] e1000 0000:00:03.0 enp0s3: renamed from eth0
[    3.263456] e1000 0000:00:08.0 enp0s8: renamed from eth1
Begin: Loading essential drivers ... [    4.661678] md: linear personality registered for level -1
[    4.664826] md: multipath personality registered for level -4
[    4.667985] md: raid0 personality registered for level 0
[    4.672054] md: raid1 personality registered for level 1
[    4.743023] raid6: sse2x1   gen()  9531 MB/s
[    4.810436] raid6: sse2x1   xor()  6399 MB/s
[    4.878682] raid6: sse2x2   gen() 13514 MB/s
[    4.947015] raid6: sse2x2   xor()  9070 MB/s
[    5.014395] raid6: sse2x4   gen() 14568 MB/s
[    5.082679] raid6: sse2x4   xor()  8295 MB/s
[    5.151010] raid6: avx2x1   gen() 15596 MB/s
[    5.218410] raid6: avx2x2   gen() 22569 MB/s
[    5.286739] raid6: avx2x4   gen() 26902 MB/s
[    5.287690] raid6: using algorithm avx2x4 gen() 26902 MB/s
[    5.288819] raid6: using avx2x2 recovery algorithm
[    5.291493] xor: automatically using best checksumming function:
[    5.330597]    avx       : 24617.000 MB/sec
[    5.332444] async_tx: api initialized (async)
[    5.341213] md: raid6 personality registered for level 6
[    5.342326] md: raid5 personality registered for level 5
[    5.343437] md: raid4 personality registered for level 4
[    5.349707] md: raid10 personality registered for level 10
done.
Begin: Running /scripts/init-premount ... done.
Begin: Mounting root file system ... Begin: Running /scripts/local-top ... done.
Begin: Running /scripts/local-premount ... [    5.376847] Btrfs loaded
Scanning for Btrfs filesystems
done.
Warning: fsck not present, so skipping root file system
[    5.404336] EXT4-fs (sda1): INFO: recovery required on readonly filesystem
[    5.405659] EXT4-fs (sda1): write access will be enabled during recovery
[    5.425591] EXT4-fs (sda1): recovery complete
[    5.426597] EXT4-fs (sda1): mounted filesystem with ordered data mode. Opts: (null)
done.
Begin: Running /scripts/local-bottom ... done.
Begin: Running /scripts/init-bottom ... done.
[    5.536843] systemd[1]: systemd 229 running in system mode. (+PAM +AUDIT +SELINUX +IMA +APPARMOR +SMACK +SYSVINIT +UTMP +LIBCRYPTSETUP +GCRYPT +GNUTLS +ACL +XZ -LZ4 +SECCOMP +BLKID +ELFUTILS +KMOD -IDN)
[    5.540319] systemd[1]: Detected virtualization oracle.
[    5.541307] systemd[1]: Detected architecture x86-64.

Welcome to [1mUbuntu 16.04.7 LTS[0m!

[    5.545056] systemd[1]: Set hostname to <ubuntu-xenial>.
[    5.682848] systemd[1]: Started Forward Password Requests to Wall Directory Watch.
[[0;32m  OK  [0m] Started Forward Password Requests to Wall Directory Watch.
[    5.690945] systemd[1]: Started Trigger resolvconf update for networkd DNS.
[[0;32m  OK  [0m] Started Trigger resolvconf update for networkd DNS.
[    5.693522] systemd[1]: Listening on LVM2 metadata daemon socket.
[[0;32m  OK  [0m] Listening on LVM2 metadata daemon socket.
[    5.695616] systemd[1]: Listening on Journal Socket.
[[0;32m  OK  [0m] Listening on Journal Socket.
[    5.697342] systemd[1]: Reached target Encrypted Volumes.
[[0;32m  OK  [0m] Reached target Encrypted Volumes.
[    5.699452] systemd[1]: Listening on udev Kernel Socket.
[[0;32m  OK  [0m] Listening on udev Kernel Socket.
[    5.701322] systemd[1]: Reached target Swap.
[[0;32m  OK  [0m] Reached target Swap.
[    5.702982] systemd[1]: Listening on Syslog Socket.
[[0;32m  OK  [0m] Listening on Syslog Socket.
[    5.704810] systemd[1]: Created slice User and Session Slice.
[[0;32m  OK  [0m] Created slice User and Session Slice.
[    5.715546] systemd[1]: Listening on udev Control Socket.
[[0;32m  OK  [0m] Listening on udev Control Socket.
[    5.723258] systemd[1]: Listening on /dev/initctl Compatibility Named Pipe.
[[0;32m  OK  [0m] Listening on /dev/initctl Compatibility Named Pipe.
[    5.725599] systemd[1]: Reached target System Time Synchronized.
[[0;32m  OK  [0m] Reached target System Time Synchronized.
[    5.727691] systemd[1]: Listening on LVM2 poll daemon socket.
[[0;32m  OK  [0m] Listening on LVM2 poll daemon socket.
[    5.729776] systemd[1]: Set up automount Arbitrary Executable File Formats File System Automount Point.
[[0;32m  OK  [0m] Set up automount Arbitrary Executab...ats File System Automount Point.
[    5.732788] systemd[1]: Listening on Device-mapper event daemon FIFOs.
[[0;32m  OK  [0m] Listening on Device-mapper event daemon FIFOs.
[    5.735023] systemd[1]: Listening on Journal Audit Socket.
[[0;32m  OK  [0m] Listening on Journal Audit Socket.
[    5.737052] systemd[1]: Created slice System Slice.
[[0;32m  OK  [0m] Created slice System Slice.
[    5.750501] systemd[1]: Starting Set console keymap...
         Starting Set console keymap...
[    5.752737] systemd[1]: Starting Uncomplicated firewall...
         Starting Uncomplicated firewall...
[    5.755560] systemd[1]: Starting Monitoring of LVM2 mirrors, snapshots etc. using dmeventd or progress polling...
         Starting Monitoring of LVM2 mirrors... dmeventd or progress polling...
[    5.767187] systemd[1]: Starting Remount Root and Kernel File Systems...
         Starting Remount Root and Kernel File Systems...
[    5.773861] EXT4-fs (sda1): re-mounted. Opts: (null)
[    5.776151] systemd[1]: Created slice system-serial\x2dgetty.slice.
[[0;32m  OK  [0m] Created slice system-serial\x2dgetty.slice.
[    5.779001] systemd[1]: Mounting Huge Pages File System...
         Mounting Huge Pages File System...
[    5.782281] systemd[1]: Starting Create list of required static device nodes for the current kernel...
         Starting Create list of required st... nodes for the current kernel...
[    5.788884] ip_tables: (C) 2000-2006 Netfilter Core Team
[    5.791010] systemd[1]: Mounting POSIX Message Queue File System...
         Mounting POSIX Message Queue File System...
[    5.796839] systemd[1]: Starting Load Kernel Modules...
         Starting Load Kernel Modules...
[    5.799134] systemd[1]: Starting Nameserver information manager...
         Starting Nameserver information manager...
[    5.803567] systemd[1]: Reached target Slices.
[[0;32m  OK  [[    5.804734] nf_conntrack version 0.5.0 (16384 buckets, 65536 max)
0m] Reached target Slices.
[    5.806199] systemd[1]: Listening on Journal Socket (/dev/log).
[[0;32m  OK  [0m] Listening on Journal Socket (/dev/log).
[    5.808730] systemd[1]: Starting Journal Service...
         Starting Journal Service...
[    5.812387] Loading iSCSI transport class v2.0-870.
[    5.815139] systemd[1]: Mounting Debug File System...
         Mounting Debug File System...
[    5.816774] systemd[1]: Reached target User and Group Name Lookups.
[[0;32m  OK  [0m] Reached target User and Group Name Lookups.
[    5.819892] systemd[1]: Mounted Debug File System.
[[0;32m  OK  [0m] Mounted Debug File System.
[    5.821582] systemd[1]: Mounted POSIX Message Queue File System.
[[0;32m  OK  [0m] Mounted POSIX Message Queue File System.
[    5.826929] systemd[1]: Mounted Huge Pages File System.
[[0;32m  OK  [0m] Mounted Huge Pages File System.
[    5.834014] iscsi: registered transport (tcp)
[    5.835244] systemd[1]: Started Set console keymap.
[[0;32m  OK  [0m] Started Set console keymap.
[    5.837930] systemd[1]: Started Remount Root and Kernel File Systems.
[[0;32m  OK  [0m] Started Remount Root and Kernel File Systems.
[    5.840463] systemd[1]: Started Create list of required static device nodes for the current kernel.
[[0;32m  OK  [0m] Started Create list of required sta...ce nodes for the current kernel.
[    5.847810] ip6_tables: (C) 2000-2006 Netfilter Core Team
[    5.852602] systemd[1]: Started Journal Service.
[[0;32m  OK  [0m] Started Journal Service.
[[0;32m  OK  [0m] Started LVM2 metadata daemon.
         Starting Create Static Device Nodes in /dev...
         Starting Flush Journal to Persistent Storage...
         Starting Load/Save Random Seed...
         Starting udev Coldplug all Devices...
[[0;32m  OK  [0m] Started Nameserver information manager.
[[0;32m  OK  [0m] Started Load/Save Random Seed.
[    5.877959] systemd-journald[407]: Received request to flush runtime journal from PID 1
[[0;32m  OK  [0m] Started Flush Journal to Persistent Storage.
[[0;32m  OK  [0m] Started Create Static Device Nodes in /dev.
[    5.890145] iscsi: registered transport (iser)
[[0;32m  OK  [0m] Started Load Kernel Modules.
         Mounting FUSE Control File System...
         Starting Apply Kernel Variables...
         Starting udev Kernel Device Manager...
[[0;32m  OK  [0m] Mounted FUSE Control File System.
[[0;32m  OK  [0m] Started Apply Kernel Variables.
[[0;32m  OK  [0m] Started udev Coldplug all Devices.
[[0;32m  OK  [0m] Started udev Kernel Device Manager.
[[0;32m  OK  [0m] Started Dispatch Password Requests to Console Directory Watch.
[[0;32m  OK  [0m] Started Uncomplicated firewall.
[[0;32m  OK  [0m] Found device /dev/ttyS0.
[[0;32m  OK  [0m] Listening on Load/Save RF Kill Switch Status /dev/rfkill Watch.
[[0;32m  OK  [0m] Found device 82540EM Gigabit Ethern...r (PRO/1000 MT Desktop Adapter).
[[0;32m  OK  [0m] Found device 82540EM Gigabit Ethern...r (PRO/1000 MT Desktop Adapter).
[[0;32m  OK  [0m] Started Monitoring of LVM2 mirrors,...ng dmeventd or progress polling.
[[0;32m  OK  [0m] Reached target Local File Systems (Pre).
[[0;32m  OK  [0m] Reached target Local File Systems.
         Starting Tell Plymouth To Write Out Runtime Data...
         Starting Set console font and keymap...
         Starting Initial cloud-init job (pre-networking)...
         Starting Create Volatile Files and Directories...
         Starting LSB: AppArmor initialization...
[[0;32m  OK  [0m] Started Tell Plymouth To Write Out Runtime Data.
[[0;32m  OK  [0m] Started Create Volatile Files and Directories.
         Starting Update UTMP about System Boot/Shutdown...
[[0;32m  OK  [0m] Started Update UTMP about System Boot/Shutdown.
[[0;32m  OK  [0m] Started LSB: AppArmor initialization.
         Starting Load AppArmor profiles managed internally by snapd...
[[0;32m  OK  [0m] Started Load AppArmor profiles managed internally by snapd.
[[0;32m  OK  [0m] Started Set console font and keymap.
[[0;32m  OK  [0m] Created slice system-getty.slice.
[    7.797584] cloud-init[724]: Cloud-init v. 20.2-45-g5f7825e2-0ubuntu1~16.04.1 running 'init-local' at Wed, 02 Sep 2020 20:54:58 +0000. Up 7.57 seconds.
[[0;32m  OK  [0m] Started Initial cloud-init job (pre-networking).
[[0;32m  OK  [0m] Reached target Network (Pre).
[[0;32m  OK  [0m] Started ifup for enp0s8.
[[0;32m  OK  [0m] Started ifup for enp0s3.
         Starting Raise network interfaces...
[[0;32m  OK  [0m] Started Raise network interfaces.
[[0;32m  OK  [0m] Reached target Network.
         Starting Initial cloud-init job (metadata service crawler)...
[    8.448174] cloud-init[1143]: Cloud-init v. 20.2-45-g5f7825e2-0ubuntu1~16.04.1 running 'init' at Wed, 02 Sep 2020 20:54:58 +0000. Up 8.21 seconds.
[    8.449764] cloud-init[1143]: ci-info: ++++++++++++++++++++++++++++++++++++++Net device info++++++++++++++++++++++++++++++++++++++
[    8.451379] cloud-init[1143]: ci-info: +--------+------+----------------------------+---------------+--------+-------------------+
[    8.453050] cloud-init[1143]: ci-info: | Device |  Up  |          Address           |      Mask     | Scope  |     Hw-Address    |
[    8.454688] cloud-init[1143]: ci-info: +--------+------+----------------------------+---------------+--------+-------------------+
[    8.456310] cloud-init[1143]: ci-info: | enp0s3 | True |         10.0.2.15          | 255.255.255.0 | global | 02:e1:21:9c:b1:d3 |
[    8.457933] cloud-init[1143]: ci-info: | enp0s3 | True | fe80::e1:21ff:fe9c:b1d3/64 |       .       |  link  | 02:e1:21:9c:b1:d3 |
[    8.459554] cloud-init[1143]: ci-info: | enp0s8 | True |       192.168.33.10        | 255.255.255.0 | global | 08:00:27:a1:0f:9e |
[    8.461023] cloud-init[1143]: ci-info: | enp0s8 | True | fe80::a00:27ff:fea1:f9e/64 |       .       |  link  | 08:00:27:a1:0f:9e |
[    8.462648] cloud-init[1143]: ci-info: |   lo   | True |         127.0.0.1          |   255.0.0.0   |  host  |         .         |
[    8.464335] cloud-init[1143]: ci-info: |   lo   | True |          ::1/128           |       .       |  host  |         .         |
[    8.465967] cloud-init[1143]: ci-info: +--------+------+----------------------------+---------------+--------+-------------------+
[    8.467613] cloud-init[1143]: ci-info: ++++++++++++++++++++++++++++Route IPv4 info++++++++++++++++++++++++++++
[    8.469090] cloud-init[1143]: ci-info: +-------+--------------+----------+---------------+-----------+-------+
[    8.470564] cloud-init[1143]: ci-info: | Route | Destination  | Gateway  |    Genmask    | Interface | Flags |
[    8.471720] cloud-init[1143]: ci-info: +-------+--------------+----------+---------------+-----------+-------+
[    8.473226] cloud-init[1143]: ci-info: |   0   |   0.0.0.0    | 10.0.2.2 |    0.0.0.0    |   enp0s3  |   UG  |
[    8.474697] cloud-init[1143]: ci-info: |   1   |   10.0.2.0   | 0.0.0.0  | 255.255.255.0 |   enp0s3  |   U   |
[    8.476286] cloud-init[1143]: ci-info: |   2   | 192.168.33.0 | 0.0.0.0  | 255.255.255.0 |   enp0s8  |   U   |
[[0;32m  OK  [0m] Started Initial cloud-init job (metadata service crawler).
[    8.491216] cloud-init[1143]: ci-info: +-------+--------------+----------+---------------+-----------+-------+[[0;32m  OK  [0m] Reached target Cloud-config availability.
[[0;32m  OK  [0m] Reached target System Initialization.

[    8.501038] cloud-init[1143]: ci-info: +++++++++++++++++++Route IPv6 info+++++++++++++++++++
         Starting LXD - unix socket.
[    8.503172] cloud-init[1143]: ci-info: +-------+-------------+---------+-----------+-------+
[    8.505307] cloud-init[1143]: ci-info: | Route | Destination | Gateway | Interface | Flags |
[    8.506705] cloud-init[1143]: ci-info: +-------+-------------+---------+-----------+-------+
[[0;32m  OK  [0m] Started Daily apt download activities.
[    8.511401] cloud-init[1143]: ci-info: |   0   |  fe80::/64  |    ::   |   enp0s8  |   U   |[[0;32m  OK  [0m] Listening on D-Bus System Message Bus Socket.
         Starting Docker Socket for the API.
[
[0;32m  OK  [0m[    8.514267] cloud-init[1143]: ci-info: |   1   |  fe80::/64  |    ::   |   enp0s3  |   U   |
[    8.514491] cloud-init[1143]: ci-info: |   4   |   ff00::/8  |    ::   |   enp0s8  |   U   |
[    8.514749] cloud-init[1143]: ci-info: |   5   |   ff00::/8  |    ::   |   enp0s3  |   U   |
[    8.515006] cloud-init[1143]: ci-info: +-------+-------------+---------+-----------+-------+
] Listening on UUID daemon activation socket.
[[0;32m  OK  [0m] Started Daily apt upgrade and clean activities.
[[0;32m  OK  [0m] Started Daily Cleanup of Temporary Directories.
[[0;32m  OK  [0m] Started Message of the Day.
[[0;32m  OK  [0m] Reached target Timers.
         Starting Socket activation for snappy daemon.
[[0;32m  OK  [0m] Started ACPI Events Check.
[[0;32m  OK  [0m] Reached target Paths.
[[0;32m  OK  [0m] Listening on ACPID Listen Socket.
[[0;32m  OK  [0m] Reached target Network is Online.
         Starting iSCSI initiator daemon (iscsid)...
[[0;32m  OK  [0m] Listening on LXD - unix socket.
[[0;32m  OK  [0m] Listening on Docker Socket for the API.
[[0;32m  OK  [0m] Listening on Socket activation for snappy daemon.
[[0;32m  OK  [0m] Reached target Sockets.
[[0;32m  OK  [0m] Reached target Basic System.
         Starting LXD - container startup/shutdown...
         Starting A high performance web server and a reverse proxy server...
         Starting containerd container runtime...
[[0;32m  OK  [0m] Started FUSE filesystem for LXC.
         Starting Virtualbox guest utils...
[[0;32m  OK  [0m] Started ACPI event daemon.
[[0;32m  OK  [0m] Started Regular background program processing daemon.
         Starting Login Service...
[[0;32m  OK  [0m] Started Deferred execution scheduler.
         Starting Snap Daemon...
         Starting LSB: MD monitoring daemon...
         Starting System Logging Service...
         Starting LSB: Record successful boot for GRUB...
         Starting Accounts Service...
[[0;32m  OK  [0m] Started D-Bus System Message Bus.
         Starting OpenBSD Secure Shell server...
         Starting /etc/rc.local Compatibility...
[[0;32m  OK  [0m] Started System Logging Service.
[[0;32m  OK  [0m] Started iSCSI initiator daemon (iscsid).
[[0;32m  OK  [0m] Started containerd container runtime.
[[0;32m  OK  [0m] Started /etc/rc.local Compatibility.
[[0;32m  OK  [0m] Started Login Service.
[[0;32m  OK  [0m] Started Unattended Upgrades Shutdown.
         Starting Authenticate and Authorize Users to Run Privileged Tasks...
         Starting Docker Application Container Engine...
         Starting Login to default iSCSI targets...
[[0;32m  OK  [0m] Started LSB: Record successful boot for GRUB.
[[0;32m  OK  [0m] Started Login to default iSCSI targets.
[[0;32m  OK  [0m] Reached target Remote File Systems (Pre).
[[0;32m  OK  [0m] Reached target Remote File Systems.
         Starting Permit User Sessions...
         Starting LSB: daemon to balance interrupts for SMP systems...
         Starting LSB: Set the CPU Frequency Scaling governor to "ondemand"...
         Starting LSB: automatic crash report generation...
[[0;32m  OK  [0m] Started LSB: MD monitoring daemon.
[[0;32m  OK  [0m] Started Permit User Sessions.
         Starting Hold until boot process finishes up...
         Starting Terminate Plymouth Boot Screen...
[[0;32m  OK  [0m] Started Hold until boot process finishes up.
[[0;32m  OK  [0m] Started LXD - container startup/shutdown.
[[0;32m  OK  [0m] Started Terminate Plymouth Boot Screen.
[[0;32m  OK  [0m] Started OpenBSD Secure Shell server.
[[0;32m  OK  [0m] Started A high performance web server and a reverse proxy server.
[[0;32m  OK  [0m] Started Authenticate and Authorize Users to Run Privileged Tasks.
         Starting Set console scheme...
[[0;32m  OK  [0m] Started Getty on tty1.
[[0;32m  OK  [0m] Started Serial Getty on ttyS0.
[[0;32m  OK  [0m] Reached target Login Prompts.
[[0;32m  OK  [0m] Started LSB: Set the CPU Frequency Scaling governor to "ondemand".
[[0;32m  OK  [0m] Started Set console scheme.
[[0;32m  OK  [0m] Started Accounts Service.
[[0;32m  OK  [0m] Started LSB: daemon to balance interrupts for SMP systems.
[[0;32m  OK  [0m] Started LSB: automatic crash report generation.
[[0;32m  OK  [0m] Started Virtualbox guest utils.
[[0;32m  OK  [0m] Started Snap Daemon.
         Starting Wait until snapd is fully seeded...
[[0;32m  OK  [0m] Started Wait until snapd is fully seeded.
         Starting Apply the settings specified in cloud-config...
[    9.617676] cloud-init[1432]: Cloud-init v. 20.2-45-g5f7825e2-0ubuntu1~16.04.1 running 'modules:config' at Wed, 02 Sep 2020 20:55:00 +0000. Up 9.53 seconds.
[[0;32m  OK  [0m] Started Apply the settings specified in cloud-config.
[[0;32m  OK  [0m] Started Docker Application Container Engine.
[[0;32m  OK  [0m] Reached target Multi-User System.
[[0;32m  OK  [0m] Reached target Graphical Interface.
         Starting Update UTMP about System Runlevel Changes...
         Starting Execute cloud user/final scripts...
[[0;32m  OK  [0m] Started Update UTMP about System Runlevel Changes.
[   10.587295] cloud-init[1744]: Cloud-init v. 20.2-45-g5f7825e2-0ubuntu1~16.04.1 running 'modules:final' at Wed, 02 Sep 2020 20:55:01 +0000. Up 10.50 seconds.
[   10.589256] cloud-init[1744]: Cloud-init v. 20.2-45-g5f7825e2-0ubuntu1~16.04.1 finished at Wed, 02 Sep 2020 20:55:01 +0000. Datasource DataSourceNoCloud [seed=/dev/sdb][dsmode=net].  Up 10.58 seconds
[[0;32m  OK  [0m] Started Execute cloud user/final scripts.
[[0;32m  OK  [0m] Reached target Cloud-init target.

Ubuntu 16.04.7 LTS ubuntu-xenial ttyS0

ubuntu-xenial login: 